<?xml version="1.0" encoding="UTF-8"?>
<!-- Generated by org.testng.reporters.JUnitReportReporter -->
<testsuite skipped="0" hostname="DESKTOP-8V9ACPV" name="testcases.TC001LoginLogoutTest" tests="2" failures="0" timestamp="12 May 2019 05:34:47 GMT" time="11.437" errors="0">
  <testcase name="loginLogout" time="6.159" classname="testcases.TC001LoginLogoutTest"/>
  <testcase name="loginLogout" time="5.278" classname="testcases.TC001LoginLogoutTest"/>
</testsuite> <!-- testcases.TC001LoginLogoutTest -->
